0 info it worked if it ends with ok
1 verbose cli [ '/home/ubuntu/.nvm/versions/node/v10.13.0/bin/node',
1 verbose cli   '/home/ubuntu/.nvm/versions/node/v10.13.0/bin/npm',
1 verbose cli   'start' ]
2 info using npm@6.4.1
3 info using node@v10.13.0
4 verbose run-script [ 'prestart', 'start', 'poststart' ]
5 info lifecycle wintspo-client@0.1.0~prestart: wintspo-client@0.1.0
6 info lifecycle wintspo-client@0.1.0~start: wintspo-client@0.1.0
7 verbose lifecycle wintspo-client@0.1.0~start: unsafe-perm in lifecycle true
8 verbose lifecycle wintspo-client@0.1.0~start: PATH: /home/ubuntu/.nvm/versions/node/v10.13.0/lib/node_modules/npm/node_modules/npm-lifecycle/node-gyp-bin:/home/ubuntu/wintspo-client/node_modules/.bin:/home/ubuntu/.nvm/versions/node/v10.13.0/bin:/usr/local/sbin:/usr/local/bin:/usr/sbin:/usr/bin:/sbin:/bin:/usr/games:/usr/local/games:/snap/bin
9 verbose lifecycle wintspo-client@0.1.0~start: CWD: /home/ubuntu/wintspo-client
10 silly lifecycle wintspo-client@0.1.0~start: Args: [ '-c', 'NODE_PATH=src node scripts/start.js' ]
11 silly lifecycle wintspo-client@0.1.0~start: Returned: code: 1  signal: null
12 info lifecycle wintspo-client@0.1.0~start: Failed to exec start script
13 verbose stack Error: wintspo-client@0.1.0 start: `NODE_PATH=src node scripts/start.js`
13 verbose stack Exit status 1
13 verbose stack     at EventEmitter.<anonymous> (/home/ubuntu/.nvm/versions/node/v10.13.0/lib/node_modules/npm/node_modules/npm-lifecycle/index.js:301:16)
13 verbose stack     at EventEmitter.emit (events.js:182:13)
13 verbose stack     at ChildProcess.<anonymous> (/home/ubuntu/.nvm/versions/node/v10.13.0/lib/node_modules/npm/node_modules/npm-lifecycle/lib/spawn.js:55:14)
13 verbose stack     at ChildProcess.emit (events.js:182:13)
13 verbose stack     at maybeClose (internal/child_process.js:962:16)
13 verbose stack     at Process.ChildProcess._handle.onexit (internal/child_process.js:251:5)
14 verbose pkgid wintspo-client@0.1.0
15 verbose cwd /home/ubuntu/wintspo-client/config
16 verbose Linux 5.3.0-1023-aws
17 verbose argv "/home/ubuntu/.nvm/versions/node/v10.13.0/bin/node" "/home/ubuntu/.nvm/versions/node/v10.13.0/bin/npm" "start"
18 verbose node v10.13.0
19 verbose npm  v6.4.1
20 error code ELIFECYCLE
21 error errno 1
22 error wintspo-client@0.1.0 start: `NODE_PATH=src node scripts/start.js`
22 error Exit status 1
23 error Failed at the wintspo-client@0.1.0 start script.
23 error This is probably not a problem with npm. There is likely additional logging output above.
24 verbose exit [ 1, true ]
